
> my-store@0.1.0 dev
> next dev

 ⚠ Port 3000 is in use by process 23532, using available port 3001 instead.
[baseline-browser-mapping] The data in this module is over two months old.  To ensure accurate Baseline data, please update: `npm i baseline-browser-mapping@latest -D`
 ⚠ Warning: Next.js inferred your workspace root, but it may not be correct.
 We detected multiple lockfiles and selected the directory of C:\Users\adish\package-lock.json as the root directory.
 To silence this warning, set `turbopack.root` in your Next.js config, or consider removing one of the lockfiles if it's not needed.
   See https://nextjs.org/docs/app/api-reference/config/next-config-js/turbopack#root-directory for more information.
 Detected additional lockfiles: 
   * C:\Users\adish\my-store\my-store\package-lock.json

   ▲ Next.js 16.0.8 (Turbopack)
   - Local:         http://localhost:3001
   - Network:       http://192.168.31.189:3001

 ✓ Starting...
 ✓ Ready in 2.8s
 ○ Compiling / ...
 GET / 200 in 6.1s (compile: 5.7s, render: 379ms)
 GET /products 200 in 2.0s (compile: 1739ms, render: 262ms)
 GET /profile 200 in 674ms (compile: 600ms, render: 74ms)
 GET /profile 200 in 39ms (compile: 7ms, render: 32ms)
 GET /checkout 200 in 583ms (compile: 533ms, render: 50ms)
^C^C